<?xml version="1.0" encoding="UTF-8"?>
<!-- Generated by org.testng.reporters.JUnitReportReporter -->
<testsuite hostname="LAPTOP-MGA2BUCC" failures="0" tests="1" name="PurchaseTest" time="30.720" errors="0" timestamp="2021-09-08T16:46:50 UYT" skipped="0">
  <testcase classname="PurchaseTest" name="SuccessPurchaseTest" time="30.720"/>
  <system-out/>
</testsuite> <!-- PurchaseTest -->
